# JRE version: OpenJDK Runtime Environment Temurin-21.0.10+7 (21.0.10+7) (build 21.0.10+7-LTS)
# Java VM: OpenJDK 64-Bit Server VM Temurin-21.0.10+7 (21.0.10+7-LTS, mixed mode, sharing, tiered, compressed oops, compressed class ptrs, parallel gc, windows-amd64)
GC Precious Log:
 CardTable entry size: 512
 CPUs: 8 total, 8 available
 Memory: 16242M
 Large Page Support: Disabled
 NUMA Support: Disabled
 Compressed Oops: Enabled (32-bit)
 Alignments: Space 512K, Generation 512K, Heap 2M
 Heap Min Capacity: 100M
 Heap Initial Capacity: 100M
 Heap Max Capacity: 2G
 Pre-touch: Disabled
 Parallel Workers: 8
Heap:
 PSYoungGen      total 22016K, used 9018K [0x00000000d5580000, 0x00000000d6c80000, 0x0000000100000000)
  eden space 21504K, 41% used [0x00000000d5580000,0x00000000d5e4ea78,0x00000000d6a80000)
  from space 512K, 0% used [0x00000000d6c00000,0x00000000d6c00000,0x00000000d6c80000)
  to   space 512K, 0% used [0x00000000d6b80000,0x00000000d6b80000,0x00000000d6c00000)
 ParOldGen       total 68608K, used 52109K [0x0000000080000000, 0x0000000084300000, 0x00000000d5580000)
  object space 68608K, 75% used [0x0000000080000000,0x00000000832e3530,0x0000000084300000)
 Metaspace       used 59582K, committed 60992K, reserved 1114112K
  class space    used 6330K, committed 6912K, reserved 1048576K
GC Heap History (20 events):
Event: 111.565 GC heap before
{Heap before GC invocations=50 (full 2):
 PSYoungGen      total 22016K, used 21811K [0x00000000d5580000, 0x00000000d6d00000, 0x0000000100000000)
  eden space 21504K, 100% used [0x00000000d5580000,0x00000000d6a80000,0x00000000d6a80000)
  from space 512K, 60% used [0x00000000d6c00000,0x00000000d6c4ced0,0x00000000d6c80000)
  to   space 512K, 0% used [0x00000000d6c80000,0x00000000d6c80000,0x00000000d6d00000)
 ParOldGen       total 68608K, used 60263K [0x0000000080000000, 0x0000000084300000, 0x00000000d5580000)
  object space 68608K, 87% used [0x0000000080000000,0x0000000083ad9ed8,0x0000000084300000)
 Metaspace       used 53429K, committed 54720K, reserved 1114112K
  class space    used 5680K, committed 6272K, reserved 1048576K
}
Event: 111.568 GC heap after
{Heap after GC invocations=50 (full 2):
 PSYoungGen      total 22016K, used 384K [0x00000000d5580000, 0x00000000d6d00000, 0x0000000100000000)
  eden space 21504K, 0% used [0x00000000d5580000,0x00000000d5580000,0x00000000d6a80000)
  from space 512K, 75% used [0x00000000d6c80000,0x00000000d6ce0000,0x00000000d6d00000)
  to   space 512K, 0% used [0x00000000d6c00000,0x00000000d6c00000,0x00000000d6c80000)
 ParOldGen       total 68608K, used 60327K [0x0000000080000000, 0x0000000084300000, 0x00000000d5580000)
  object space 68608K, 87% used [0x0000000080000000,0x0000000083ae9ed8,0x0000000084300000)
 Metaspace       used 53429K, committed 54720K, reserved 1114112K
  class space    used 5680K, committed 6272K, reserved 1048576K
}
Event: 112.376 GC heap before
{Heap before GC invocations=51 (full 2):
 PSYoungGen      total 22016K, used 21888K [0x00000000d5580000, 0x00000000d6d00000, 0x0000000100000000)
  eden space 21504K, 100% used [0x00000000d5580000,0x00000000d6a80000,0x00000000d6a80000)
  from space 512K, 75% used [0x00000000d6c80000,0x00000000d6ce0000,0x00000000d6d00000)
  to   space 512K, 0% used [0x00000000d6c00000,0x00000000d6c00000,0x00000000d6c80000)
 ParOldGen       total 68608K, used 60327K [0x0000000080000000, 0x0000000084300000, 0x00000000d5580000)
  object space 68608K, 87% used [0x0000000080000000,0x0000000083ae9ed8,0x0000000084300000)
 Metaspace       used 53542K, committed 54848K, reserved 1114112K
  class space    used 5693K, committed 6272K, reserved 1048576K
}
Event: 112.378 GC heap after
{Heap after GC invocations=51 (full 2):
 PSYoungGen      total 22016K, used 506K [0x00000000d5580000, 0x00000000d6d80000, 0x0000000100000000)
  eden space 21504K, 0% used [0x00000000d5580000,0x00000000d5580000,0x00000000d6a80000)
  from space 512K, 98% used [0x00000000d6c00000,0x00000000d6c7eb50,0x00000000d6c80000)
  to   space 1024K, 0% used [0x00000000d6c80000,0x00000000d6c80000,0x00000000d6d80000)
 ParOldGen       total 68608K, used 60798K [0x0000000080000000, 0x0000000084300000, 0x00000000d5580000)
  object space 68608K, 88% used [0x0000000080000000,0x0000000083b5fa80,0x0000000084300000)
 Metaspace       used 53542K, committed 54848K, reserved 1114112K
  class space    used 5693K, committed 6272K, reserved 1048576K
}
Event: 112.513 GC heap before
{Heap before GC invocations=52 (full 2):
 PSYoungGen      total 22016K, used 22010K [0x00000000d5580000, 0x00000000d6d80000, 0x0000000100000000)
  eden space 21504K, 100% used [0x00000000d5580000,0x00000000d6a80000,0x00000000d6a80000)
  from space 512K, 98% used [0x00000000d6c00000,0x00000000d6c7eb50,0x00000000d6c80000)
  to   space 1024K, 0% used [0x00000000d6c80000,0x00000000d6c80000,0x00000000d6d80000)
 ParOldGen       total 68608K, used 60798K [0x0000000080000000, 0x0000000084300000, 0x00000000d5580000)
  object space 68608K, 88% used [0x0000000080000000,0x0000000083b5fa80,0x0000000084300000)
 Metaspace       used 53549K, committed 54912K, reserved 1114112K
  class space    used 5693K, committed 6272K, reserved 1048576K
}
Event: 112.516 GC heap after
{Heap after GC invocations=52 (full 2):
 PSYoungGen      total 22016K, used 448K [0x00000000d5580000, 0x00000000d6d00000, 0x0000000100000000)
  eden space 21504K, 0% used [0x00000000d5580000,0x00000000d5580000,0x00000000d6a80000)
  from space 512K, 87% used [0x00000000d6c80000,0x00000000d6cf0000,0x00000000d6d00000)
  to   space 1024K, 0% used [0x00000000d6b00000,0x00000000d6b00000,0x00000000d6c00000)
 ParOldGen       total 68608K, used 60966K [0x0000000080000000, 0x0000000084300000, 0x00000000d5580000)
  object space 68608K, 88% used [0x0000000080000000,0x0000000083b89a80,0x0000000084300000)
 Metaspace       used 53549K, committed 54912K, reserved 1114112K
  class space    used 5693K, committed 6272K, reserved 1048576K
}
Event: 112.663 GC heap before
{Heap before GC invocations=53 (full 2):
 PSYoungGen      total 22016K, used 21952K [0x00000000d5580000, 0x00000000d6d00000, 0x0000000100000000)
  eden space 21504K, 100% used [0x00000000d5580000,0x00000000d6a80000,0x00000000d6a80000)
  from space 512K, 87% used [0x00000000d6c80000,0x00000000d6cf0000,0x00000000d6d00000)
  to   space 1024K, 0% used [0x00000000d6b00000,0x00000000d6b00000,0x00000000d6c00000)
 ParOldGen       total 68608K, used 60966K [0x0000000080000000, 0x0000000084300000, 0x00000000d5580000)
  object space 68608K, 88% used [0x0000000080000000,0x0000000083b89a80,0x0000000084300000)
 Metaspace       used 53568K, committed 54976K, reserved 1114112K
  class space    used 5693K, committed 6272K, reserved 1048576K
}
Event: 112.666 GC heap after
{Heap after GC invocations=53 (full 2):
 PSYoungGen      total 22528K, used 384K [0x00000000d5580000, 0x00000000d6d00000, 0x0000000100000000)
  eden space 21504K, 0% used [0x00000000d5580000,0x00000000d5580000,0x00000000d6a80000)
  from space 1024K, 37% used [0x00000000d6b00000,0x00000000d6b60000,0x00000000d6c00000)
  to   space 512K, 0% used [0x00000000d6c80000,0x00000000d6c80000,0x00000000d6d00000)
 ParOldGen       total 68608K, used 61374K [0x0000000080000000, 0x0000000084300000, 0x00000000d5580000)
  object space 68608K, 89% used [0x0000000080000000,0x0000000083befa80,0x0000000084300000)
 Metaspace       used 53568K, committed 54976K, reserved 1114112K
  class space    used 5693K, committed 6272K, reserved 1048576K
}
Event: 114.227 GC heap before
{Heap before GC invocations=54 (full 2):
 PSYoungGen      total 22528K, used 21811K [0x00000000d5580000, 0x00000000d6d00000, 0x0000000100000000)
  eden space 21504K, 99% used [0x00000000d5580000,0x00000000d6a6ce00,0x00000000d6a80000)
  from space 1024K, 37% used [0x00000000d6b00000,0x00000000d6b60000,0x00000000d6c00000)
  to   space 512K, 0% used [0x00000000d6c80000,0x00000000d6c80000,0x00000000d6d00000)
 ParOldGen       total 68608K, used 61374K [0x0000000080000000, 0x0000000084300000, 0x00000000d5580000)
  object space 68608K, 89% used [0x0000000080000000,0x0000000083befa80,0x0000000084300000)
 Metaspace       used 55688K, committed 57024K, reserved 1114112K
  class space    used 5943K, committed 6528K, reserved 1048576K
}
Event: 114.232 GC heap after
{Heap after GC invocations=54 (full 2):
 PSYoungGen      total 22016K, used 502K [0x00000000d5580000, 0x00000000d6e80000, 0x0000000100000000)
  eden space 21504K, 0% used [0x00000000d5580000,0x00000000d5580000,0x00000000d6a80000)
  from space 512K, 98% used [0x00000000d6c80000,0x00000000d6cfdb28,0x00000000d6d00000)
  to   space 2048K, 0% used [0x00000000d6a80000,0x00000000d6a80000,0x00000000d6c80000)
 ParOldGen       total 68608K, used 62640K [0x0000000080000000, 0x0000000084300000, 0x00000000d5580000)
  object space 68608K, 91% used [0x0000000080000000,0x0000000083d2c0c8,0x0000000084300000)
 Metaspace       used 55688K, committed 57024K, reserved 1114112K
  class space    used 5943K, committed 6528K, reserved 1048576K
}
Event: 114.375 GC heap before
{Heap before GC invocations=55 (full 2):
 PSYoungGen      total 22016K, used 22006K [0x00000000d5580000, 0x00000000d6e80000, 0x0000000100000000)
  eden space 21504K, 100% used [0x00000000d5580000,0x00000000d6a80000,0x00000000d6a80000)
  from space 512K, 98% used [0x00000000d6c80000,0x00000000d6cfdb28,0x00000000d6d00000)
  to   space 2048K, 0% used [0x00000000d6a80000,0x00000000d6a80000,0x00000000d6c80000)
 ParOldGen       total 68608K, used 62640K [0x0000000080000000, 0x0000000084300000, 0x00000000d5580000)
  object space 68608K, 91% used [0x0000000080000000,0x0000000083d2c0c8,0x0000000084300000)
 Metaspace       used 55718K, committed 57024K, reserved 1114112K
  class space    used 5943K, committed 6528K, reserved 1048576K
}
Event: 114.379 GC heap after
{Heap after GC invocations=55 (full 2):
 PSYoungGen      total 23040K, used 1161K [0x00000000d5580000, 0x00000000d6d80000, 0x0000000100000000)
  eden space 21504K, 0% used [0x00000000d5580000,0x00000000d5580000,0x00000000d6a80000)
  from space 1536K, 75% used [0x00000000d6a80000,0x00000000d6ba26d0,0x00000000d6c00000)
  to   space 1536K, 0% used [0x00000000d6c00000,0x00000000d6c00000,0x00000000d6d80000)
 ParOldGen       total 68608K, used 63146K [0x0000000080000000, 0x0000000084300000, 0x00000000d5580000)
  object space 68608K, 92% used [0x0000000080000000,0x0000000083daa8c0,0x0000000084300000)
 Metaspace       used 55718K, committed 57024K, reserved 1114112K
  class space    used 5943K, committed 6528K, reserved 1048576K
}
Event: 114.784 GC heap before
{Heap before GC invocations=56 (full 2):
 PSYoungGen      total 23040K, used 22606K [0x00000000d5580000, 0x00000000d6d80000, 0x0000000100000000)
  eden space 21504K, 99% used [0x00000000d5580000,0x00000000d6a713c0,0x00000000d6a80000)
  from space 1536K, 75% used [0x00000000d6a80000,0x00000000d6ba26d0,0x00000000d6c00000)
  to   space 1536K, 0% used [0x00000000d6c00000,0x00000000d6c00000,0x00000000d6d80000)
 ParOldGen       total 68608K, used 63146K [0x0000000080000000, 0x0000000084300000, 0x00000000d5580000)
  object space 68608K, 92% used [0x0000000080000000,0x0000000083daa8c0,0x0000000084300000)
 Metaspace       used 57333K, committed 58688K, reserved 1114112K
  class space    used 6067K, committed 6656K, reserved 1048576K
}
Event: 114.787 GC heap after
{Heap after GC invocations=56 (full 2):
 PSYoungGen      total 22016K, used 288K [0x00000000d5580000, 0x00000000d6c80000, 0x0000000100000000)
  eden space 21504K, 0% used [0x00000000d5580000,0x00000000d5580000,0x00000000d6a80000)
  from space 512K, 56% used [0x00000000d6c00000,0x00000000d6c48000,0x00000000d6c80000)
  to   space 1024K, 0% used [0x00000000d6a80000,0x00000000d6a80000,0x00000000d6b80000)
 ParOldGen       total 68608K, used 63338K [0x0000000080000000, 0x0000000084300000, 0x00000000d5580000)
  object space 68608K, 92% used [0x0000000080000000,0x0000000083dda8c0,0x0000000084300000)
 Metaspace       used 57333K, committed 58688K, reserved 1114112K
  class space    used 6067K, committed 6656K, reserved 1048576K
}
Event: 116.277 GC heap before
{Heap before GC invocations=57 (full 2):
 PSYoungGen      total 22016K, used 21737K [0x00000000d5580000, 0x00000000d6c80000, 0x0000000100000000)
  eden space 21504K, 99% used [0x00000000d5580000,0x00000000d6a72460,0x00000000d6a80000)
  from space 512K, 56% used [0x00000000d6c00000,0x00000000d6c48000,0x00000000d6c80000)
  to   space 1024K, 0% used [0x00000000d6a80000,0x00000000d6a80000,0x00000000d6b80000)
 ParOldGen       total 68608K, used 63338K [0x0000000080000000, 0x0000000084300000, 0x00000000d5580000)
  object space 68608K, 92% used [0x0000000080000000,0x0000000083dda8c0,0x0000000084300000)
 Metaspace       used 58180K, committed 59584K, reserved 1114112K
  class space    used 6179K, committed 6784K, reserved 1048576K
}
Event: 116.278 GC heap after
{Heap after GC invocations=57 (full 2):
 PSYoungGen      total 22528K, used 416K [0x00000000d5580000, 0x00000000d6c80000, 0x0000000100000000)
  eden space 21504K, 0% used [0x00000000d5580000,0x00000000d5580000,0x00000000d6a80000)
  from space 1024K, 40% used [0x00000000d6a80000,0x00000000d6ae8000,0x00000000d6b80000)
  to   space 512K, 0% used [0x00000000d6c00000,0x00000000d6c00000,0x00000000d6c80000)
 ParOldGen       total 68608K, used 63490K [0x0000000080000000, 0x0000000084300000, 0x00000000d5580000)
  object space 68608K, 92% used [0x0000000080000000,0x0000000083e008c0,0x0000000084300000)
 Metaspace       used 58180K, committed 59584K, reserved 1114112K
  class space    used 6179K, committed 6784K, reserved 1048576K
}
Event: 116.533 GC heap before
{Heap before GC invocations=58 (full 2):
 PSYoungGen      total 22528K, used 5010K [0x00000000d5580000, 0x00000000d6c80000, 0x0000000100000000)
  eden space 21504K, 21% used [0x00000000d5580000,0x00000000d59fca18,0x00000000d6a80000)
  from space 1024K, 40% used [0x00000000d6a80000,0x00000000d6ae8000,0x00000000d6b80000)
  to   space 512K, 0% used [0x00000000d6c00000,0x00000000d6c00000,0x00000000d6c80000)
 ParOldGen       total 68608K, used 63490K [0x0000000080000000, 0x0000000084300000, 0x00000000d5580000)
  object space 68608K, 92% used [0x0000000080000000,0x0000000083e008c0,0x0000000084300000)
 Metaspace       used 58418K, committed 59776K, reserved 1114112K
  class space    used 6204K, committed 6784K, reserved 1048576K
}
Event: 116.536 GC heap after
{Heap after GC invocations=58 (full 2):
 PSYoungGen      total 22016K, used 384K [0x00000000d5580000, 0x00000000d6c80000, 0x0000000100000000)
  eden space 21504K, 0% used [0x00000000d5580000,0x00000000d5580000,0x00000000d6a80000)
  from space 512K, 75% used [0x00000000d6c00000,0x00000000d6c60010,0x00000000d6c80000)
  to   space 512K, 0% used [0x00000000d6b80000,0x00000000d6b80000,0x00000000d6c00000)
 ParOldGen       total 68608K, used 63746K [0x0000000080000000, 0x0000000084300000, 0x00000000d5580000)
  object space 68608K, 92% used [0x0000000080000000,0x0000000083e408c0,0x0000000084300000)
 Metaspace       used 58418K, committed 59776K, reserved 1114112K
  class space    used 6204K, committed 6784K, reserved 1048576K
}
Event: 116.536 GC heap before
{Heap before GC invocations=59 (full 3):
 PSYoungGen      total 22016K, used 384K [0x00000000d5580000, 0x00000000d6c80000, 0x0000000100000000)
  eden space 21504K, 0% used [0x00000000d5580000,0x00000000d5580000,0x00000000d6a80000)
  from space 512K, 75% used [0x00000000d6c00000,0x00000000d6c60010,0x00000000d6c80000)
  to   space 512K, 0% used [0x00000000d6b80000,0x00000000d6b80000,0x00000000d6c00000)
 ParOldGen       total 68608K, used 63746K [0x0000000080000000, 0x0000000084300000, 0x00000000d5580000)
  object space 68608K, 92% used [0x0000000080000000,0x0000000083e408c0,0x0000000084300000)
 Metaspace       used 58418K, committed 59776K, reserved 1114112K
  class space    used 6204K, committed 6784K, reserved 1048576K
}
Event: 116.757 GC heap after
{Heap after GC invocations=59 (full 3):
 PSYoungGen      total 22016K, used 0K [0x00000000d5580000, 0x00000000d6c80000, 0x0000000100000000)
  eden space 21504K, 0% used [0x00000000d5580000,0x00000000d5580000,0x00000000d6a80000)
  from space 512K, 0% used [0x00000000d6c00000,0x00000000d6c00000,0x00000000d6c80000)
  to   space 512K, 0% used [0x00000000d6b80000,0x00000000d6b80000,0x00000000d6c00000)
 ParOldGen       total 68608K, used 52109K [0x0000000080000000, 0x0000000084300000, 0x00000000d5580000)
  object space 68608K, 75% used [0x0000000080000000,0x00000000832e3530,0x0000000084300000)
 Metaspace       used 58411K, committed 59776K, reserved 1114112K
  class space    used 6202K, committed 6784K, reserved 1048576K
}

