<?xml version="1.0" encoding="utf-8"?><testsuites name="pytest tests"><testsuite name="pytest" errors="0" failures="0" skipped="0" tests="25" time="3.039" timestamp="2026-02-24T19:41:19.091653+00:00" hostname="agent-env-1e073f7f-d5a3-4600-bbe3-9f750d414a41"><testcase classname="backend.tests.test_akabati_api.TestAuth" name="test_login_admin" time="0.628" /><testcase classname="backend.tests.test_akabati_api.TestAuth" name="test_login_user" time="0.301" /><testcase classname="backend.tests.test_akabati_api.TestAuth" name="test_login_courier" time="0.291" /><testcase classname="backend.tests.test_akabati_api.TestAuth" name="test_login_invalid" time="0.081" /><testcase classname="backend.tests.test_akabati_api.TestAuth" name="test_get_me" time="0.070" /><testcase classname="backend.tests.test_akabati_api.TestAuth" name="test_get_me_unauthenticated" time="0.057" /><testcase classname="backend.tests.test_akabati_api.TestAuth" name="test_signup_new_user" time="0.290" /><testcase classname="backend.tests.test_akabati_api.TestAuth" name="test_signup_duplicate_phone" time="0.060" /><testcase classname="backend.tests.test_akabati_api.TestLockers" name="test_get_lockers" time="0.073" /><testcase classname="backend.tests.test_akabati_api.TestLockers" name="test_get_single_locker" time="0.075" /><testcase classname="backend.tests.test_akabati_api.TestLockers" name="test_get_locker_not_found" time="0.091" /><testcase classname="backend.tests.test_akabati_api.TestParcels" name="test_create_parcel" time="0.067" /><testcase classname="backend.tests.test_akabati_api.TestParcels" name="test_create_parcel_unauthenticated" time="0.062" /><testcase classname="backend.tests.test_akabati_api.TestParcels" name="test_process_payment" time="0.056" /><testcase classname="backend.tests.test_akabati_api.TestParcels" name="test_get_my_parcels" time="0.089" /><testcase classname="backend.tests.test_akabati_api.TestParcels" name="test_track_parcel" time="0.090" /><testcase classname="backend.tests.test_akabati_api.TestParcels" name="test_track_parcel_not_found" time="0.057" /><testcase classname="backend.tests.test_akabati_api.TestAdmin" name="test_admin_stats" time="0.055" /><testcase classname="backend.tests.test_akabati_api.TestAdmin" name="test_admin_users" time="0.084" /><testcase classname="backend.tests.test_akabati_api.TestAdmin" name="test_admin_parcels" time="0.063" /><testcase classname="backend.tests.test_akabati_api.TestAdmin" name="test_admin_only_no_access_for_user" time="0.060" /><testcase classname="backend.tests.test_akabati_api.TestCourier" name="test_get_courier_tasks" time="0.061" /><testcase classname="backend.tests.test_akabati_api.TestCourier" name="test_courier_tasks_denied_for_user" time="0.066" /><testcase classname="backend.tests.test_akabati_api.TestCourier" name="test_complete_courier_task" time="0.066" /><testcase classname="backend.tests.test_akabati_api.TestCourier" name="test_complete_nonexistent_task" time="0.068" /></testsuite></testsuites>