<?xml version="1.0" encoding="utf-8"?><testsuites name="pytest tests"><testsuite name="pytest" errors="0" failures="1" skipped="0" tests="38" time="3.638" timestamp="2026-02-24T20:07:22.453997+00:00" hostname="agent-env-1e073f7f-d5a3-4600-bbe3-9f750d414a41"><testcase classname="backend.tests.test_akabati_api.TestAuth" name="test_login_admin" time="0.443" /><testcase classname="backend.tests.test_akabati_api.TestAuth" name="test_login_user" time="0.296" /><testcase classname="backend.tests.test_akabati_api.TestAuth" name="test_login_courier" time="0.302" /><testcase classname="backend.tests.test_akabati_api.TestAuth" name="test_login_invalid" time="0.070" /><testcase classname="backend.tests.test_akabati_api.TestAuth" name="test_get_me" time="0.062" /><testcase classname="backend.tests.test_akabati_api.TestAuth" name="test_get_me_unauthenticated" time="0.058" /><testcase classname="backend.tests.test_akabati_api.TestAuth" name="test_signup_new_user" time="0.063"><failure message="AssertionError: Signup failed: {&quot;detail&quot;:&quot;Phone already registered&quot;}&#10;assert 400 == 200&#10; +  where 400 = &lt;Response [400]&gt;.status_code">backend/tests/test_akabati_api.py:81: in test_signup_new_user
    assert r.status_code == 200, f"Signup failed: {r.text}"
E   AssertionError: Signup failed: {"detail":"Phone already registered"}
E   assert 400 == 200
E    +  where 400 = &lt;Response [400]&gt;.status_code</failure></testcase><testcase classname="backend.tests.test_akabati_api.TestAuth" name="test_signup_duplicate_phone" time="0.059" /><testcase classname="backend.tests.test_akabati_api.TestLockers" name="test_get_lockers" time="0.071" /><testcase classname="backend.tests.test_akabati_api.TestLockers" name="test_get_single_locker" time="0.060" /><testcase classname="backend.tests.test_akabati_api.TestLockers" name="test_get_locker_not_found" time="0.105" /><testcase classname="backend.tests.test_akabati_api.TestParcels" name="test_create_parcel" time="0.084" /><testcase classname="backend.tests.test_akabati_api.TestParcels" name="test_create_parcel_unauthenticated" time="0.062" /><testcase classname="backend.tests.test_akabati_api.TestParcels" name="test_process_payment" time="0.083" /><testcase classname="backend.tests.test_akabati_api.TestParcels" name="test_get_my_parcels" time="0.058" /><testcase classname="backend.tests.test_akabati_api.TestParcels" name="test_track_parcel" time="0.067" /><testcase classname="backend.tests.test_akabati_api.TestParcels" name="test_track_parcel_not_found" time="0.097" /><testcase classname="backend.tests.test_akabati_api.TestAdmin" name="test_admin_stats" time="0.080" /><testcase classname="backend.tests.test_akabati_api.TestAdmin" name="test_admin_users" time="0.056" /><testcase classname="backend.tests.test_akabati_api.TestAdmin" name="test_admin_parcels" time="0.063" /><testcase classname="backend.tests.test_akabati_api.TestAdmin" name="test_admin_only_no_access_for_user" time="0.068" /><testcase classname="backend.tests.test_akabati_api.TestCourier" name="test_get_courier_tasks" time="0.088" /><testcase classname="backend.tests.test_akabati_api.TestCourier" name="test_courier_tasks_denied_for_user" time="0.057" /><testcase classname="backend.tests.test_akabati_api.TestCourier" name="test_complete_courier_task" time="0.062" /><testcase classname="backend.tests.test_akabati_api.TestCourier" name="test_complete_nonexistent_task" time="0.055" /><testcase classname="backend.tests.test_akabati_api.TestAdminLockers" name="test_admin_get_lockers" time="0.090" /><testcase classname="backend.tests.test_akabati_api.TestAdminLockers" name="test_admin_create_locker" time="0.060" /><testcase classname="backend.tests.test_akabati_api.TestAdminLockers" name="test_admin_edit_locker" time="0.057" /><testcase classname="backend.tests.test_akabati_api.TestAdminLockers" name="test_admin_change_locker_status" time="0.080" /><testcase classname="backend.tests.test_akabati_api.TestAdminLockers" name="test_admin_locker_no_access_for_user" time="0.064" /><testcase classname="backend.tests.test_akabati_api.TestCourierScan" name="test_courier_lookup_by_tracking" time="0.065" /><testcase classname="backend.tests.test_akabati_api.TestCourierScan" name="test_courier_update_status_in_transit" time="0.093" /><testcase classname="backend.tests.test_akabati_api.TestCourierScan" name="test_courier_update_status_ready_for_pickup" time="0.073" /><testcase classname="backend.tests.test_akabati_api.TestNotifications" name="test_get_notifications" time="0.072" /><testcase classname="backend.tests.test_akabati_api.TestNotifications" name="test_notifications_have_required_fields" time="0.074" /><testcase classname="backend.tests.test_akabati_api.TestNotifications" name="test_mark_notification_read" time="0.093" /><testcase classname="backend.tests.test_akabati_api.TestNotifications" name="test_mark_all_notifications_read" time="0.077" /><testcase classname="backend.tests.test_akabati_api.TestNotifications" name="test_notifications_unauthenticated" time="0.058" /></testsuite></testsuites>